  "C:\Program Files\AMD\ROCm\5.5\bin\clang.exe"  -x hip -c -std=c++17 -Xclang -fdefault-calling-conv=cdecl -g0 -Wall -Wextra -fno-standalone-debug -fhip-new-launch-api -I "D:\\projects\\master_thesis\\programs\\Fastest-SPH-framework\\sph_fastest\\Hybrid_Fluid_Simulation\\json\\include" -O2 -fno-fast-math -fno-caret-diagnostics -fshow-column -fms-extensions -fms-compatibility -fdiagnostics-format=msvc -v -fexceptions -ffunction-sections -fstack-protector -frtti --offload-arch=gfx1030 --offload-arch=gfx1100 --offload-arch=gfx1101 --offload-arch=gfx1102 -D__HIP_ARCH_GFX1030__=1 -D__HIP_ARCH_GFX1100__=1 -D__HIP_ARCH_GFX1101__=1 -D__HIP_ARCH_GFX1102__=1  -D_MT -Xclang -flto-visibility-public-std -Xclang --dependent-lib=libcmt -Xclang --dependent-lib=oldnames --hip-device-lib-path="C:\\Program Files\\AMD\\ROCm\\5.5\\amdgcn\\bitcode" -D __clang__ -D __HIP__ -D NDEBUG -D _CONSOLE -D _UNICODE -D UNICODE -fuse-line-directives ..\\Hybrid_Fluid_Simulation\\sph_arrangement.cu.hip -o "Release\\HIP_clang\\sph_arrangement.cu.hip.obj"
  sph_arrangement.cu.hip
  clang version 17.0.0 (git@github.amd.com:Compute-Mirrors/llvm-project e3201662d21c48894f2156d302276eb1cf47c7be)
  Target: x86_64-pc-windows-msvc
  Thread model: posix
  InstalledDir: C:\Program Files\AMD\ROCm\5.5\bin
  Found HIP installation: C:\Program Files\AMD\ROCm\5.5, version 5.5.0
   "C:\\Program Files\\AMD\\ROCm\\5.5\\bin\\clang.exe" -cc1 -triple amdgcn-amd-amdhsa -aux-triple x86_64-pc-windows-msvc -emit-obj -mincremental-linker-compatible -disable-free -clear-ast-before-backend -disable-llvm-verifier -discard-value-names -main-file-name sph_arrangement.cu.hip -mrelocation-model pic -pic-level 2 -fhalf-no-semantic-interposition -mframe-pointer=none -fno-rounding-math -mconstructor-aliases -aux-target-cpu x86-64 -fcuda-is-device -mllvm -amdgpu-internalize-symbols -fcuda-allow-variadic-functions -fvisibility=hidden -fapply-global-visibility-to-externs -mlink-builtin-bitcode "C:\\Program Files\\AMD\\ROCm\\5.5\\amdgcn\\bitcode\\hip.bc" -mlink-builtin-bitcode "C:\\Program Files\\AMD\\ROCm\\5.5\\amdgcn\\bitcode\\ocml.bc" -mlink-builtin-bitcode "C:\\Program Files\\AMD\\ROCm\\5.5\\amdgcn\\bitcode\\ockl.bc" -mlink-builtin-bitcode "C:\\Program Files\\AMD\\ROCm\\5.5\\amdgcn\\bitcode\\oclc_daz_opt_off.bc" -mlink-builtin-bitcode "C:\\Program Files\\AMD\\ROCm\\5.5\\amdgcn\\bitcode\\oclc_unsafe_math_off.bc" -mlink-builtin-bitcode "C:\\Program Files\\AMD\\ROCm\\5.5\\amdgcn\\bitcode\\oclc_finite_only_off.bc" -mlink-builtin-bitcode "C:\\Program Files\\AMD\\ROCm\\5.5\\amdgcn\\bitcode\\oclc_correctly_rounded_sqrt_on.bc" -mlink-builtin-bitcode "C:\\Program Files\\AMD\\ROCm\\5.5\\amdgcn\\bitcode\\oclc_wavefrontsize64_off.bc" -mlink-builtin-bitcode "C:\\Program Files\\AMD\\ROCm\\5.5\\amdgcn\\bitcode\\oclc_isa_version_1030.bc" -mlink-builtin-bitcode "C:\\Program Files\\AMD\\ROCm\\5.5\\amdgcn\\bitcode\\oclc_abi_version_400.bc" -target-cpu gfx1030 -mllvm -treat-scalable-fixed-error-as-warning -debugger-tuning=gdb -v -ffunction-sections -resource-dir "C:\\Program Files\\AMD\\ROCm\\5.5\\lib\\clang\\17.0.0" -internal-isystem "C:\\Program Files\\AMD\\ROCm\\5.5\\lib\\clang\\17.0.0\\include\\cuda_wrappers" -idirafter "C:\\Program Files\\AMD\\ROCm\\5.5\\include" -include __clang_hip_runtime_wrapper.h -D __HIP_ARCH_GFX1030__=1 -D __HIP_ARCH_GFX1100__=1 -D __HIP_ARCH_GFX1101__=1 -D __HIP_ARCH_GFX1102__=1 -D _MT -D __clang__ -D __HIP__ -D NDEBUG -D _CONSOLE -D _UNICODE -D UNICODE -I "D:\\projects\\master_thesis\\programs\\Fastest-SPH-framework\\sph_fastest\\Hybrid_Fluid_Simulation\\json\\include" -D __HIP_ARCH_GFX1030__=1 -D __HIP_ARCH_GFX1100__=1 -D __HIP_ARCH_GFX1101__=1 -D __HIP_ARCH_GFX1102__=1 -D _MT -D __clang__ -D __HIP__ -D NDEBUG -D _CONSOLE -D _UNICODE -D UNICODE -internal-isystem "C:\\Program Files\\AMD\\ROCm\\5.5\\lib\\clang\\17.0.0\\include" -internal-isystem "D:\\projects\\master_thesis\\programs\\HIPIFIED-FSPHF\\sph_fastest\\\\Hybrid_Fluid_Simulation\\GL_LIB\\glew_64\\include" -internal-isystem "D:\\projects\\master_thesis\\programs\\HIPIFIED-FSPHF\\sph_fastest\\\\Hybrid_Fluid_Simulation\\GL_LIB\\freeglut_64\\include" -internal-isystem "D:\\projects\\master_thesis\\programs\\HIPIFIED-FSPHF\\sph_fastest\\\\Hybrid_Fluid_Simulation\\json\\include" -internal-isystem "C:\\Program Files\\AMD\\ROCm\\5.5\\include" -internal-isystem "C:\\Program Files\\AMD\\ROCm\\5.5\\include" -internal-isystem "E:\\Program Files\\Microsoft Visual Studio\\2022\\Enterprise\\VC\\Tools\\MSVC\\14.37.32822\\include" -internal-isystem "E:\\Program Files\\Microsoft Visual Studio\\2022\\Enterprise\\VC\\Tools\\MSVC\\14.37.32822\\atlmfc\\include" -internal-isystem "E:\\Program Files\\Microsoft Visual Studio\\2022\\Enterprise\\VC\\Auxiliary\\VS\\include" -internal-isystem "C:\\Program Files (x86)\\Windows Kits\\10\\Include\\10.0.22621.0\\ucrt" -internal-isystem "C:\\Program Files (x86)\\Windows Kits\\10\\Include\\10.0.22621.0\\um" -internal-isystem "C:\\Program Files (x86)\\Windows Kits\\10\\Include\\10.0.22621.0\\shared" -internal-isystem "C:\\Program Files (x86)\\Windows Kits\\10\\Include\\10.0.22621.0\\winrt" -internal-isystem "C:\\Program Files (x86)\\Windows Kits\\10\\Include\\10.0.22621.0\\cppwinrt" -internal-isystem "Include\\um" -internal-isystem "C:\\Program Files\\AMD\\ROCm\\5.5\\lib\\clang\\17.0.0\\include" -internal-isystem "D:\\projects\\master_thesis\\programs\\HIPIFIED-FSPHF\\sph_fastest\\\\Hybrid_Fluid_Simulation\\GL_LIB\\glew_64\\include" -internal-isystem "D:\\projects\\master_thesis\\programs\\HIPIFIED-FSPHF\\sph_fastest\\\\Hybrid_Fluid_Simulation\\GL_LIB\\freeglut_64\\include" -internal-isystem "D:\\projects\\master_thesis\\programs\\HIPIFIED-FSPHF\\sph_fastest\\\\Hybrid_Fluid_Simulation\\json\\include" -internal-isystem "C:\\Program Files\\AMD\\ROCm\\5.5\\include" -internal-isystem "C:\\Program Files\\AMD\\ROCm\\5.5\\include" -internal-isystem "E:\\Program Files\\Microsoft Visual Studio\\2022\\Enterprise\\VC\\Tools\\MSVC\\14.37.32822\\include" -internal-isystem "E:\\Program Files\\Microsoft Visual Studio\\2022\\Enterprise\\VC\\Tools\\MSVC\\14.37.32822\\atlmfc\\include" -internal-isystem "E:\\Program Files\\Microsoft Visual Studio\\2022\\Enterprise\\VC\\Auxiliary\\VS\\include" -internal-isystem "C:\\Program Files (x86)\\Windows Kits\\10\\Include\\10.0.22621.0\\ucrt" -internal-isystem "C:\\Program Files (x86)\\Windows Kits\\10\\Include\\10.0.22621.0\\um" -internal-isystem "C:\\Program Files (x86)\\Windows Kits\\10\\Include\\10.0.22621.0\\shared" -internal-isystem "C:\\Program Files (x86)\\Windows Kits\\10\\Include\\10.0.22621.0\\winrt" -internal-isystem "C:\\Program Files (x86)\\Windows Kits\\10\\Include\\10.0.22621.0\\cppwinrt" -internal-isystem "Include\\um" -O2 -Wall -Wextra -std=c++17 -fdeprecated-macro -fno-autolink "-fdebug-compilation-dir=D:\\projects\\master_thesis\\programs\\HIPIFIED-FSPHF\\sph_fastest\\Demo" -ferror-limit 19 -stack-protector 1 -fhip-new-launch-api -fuse-line-directives -fms-extensions -fms-compatibility -fms-compatibility-version=19.37.32826 -fdelayed-template-parsing -fcxx-exceptions -fexceptions -fno-caret-diagnostics -fdiagnostics-format msvc -vectorize-loops -vectorize-slp -fdefault-calling-conv=cdecl -flto-visibility-public-std --dependent-lib=libcmt --dependent-lib=oldnames -cuid=b9bab5e16fa049e7 -fcuda-allow-variadic-functions -faddrsig -D__GCC_HAVE_DWARF2_CFI_ASM=1 -o "C:\\Users\\Jacob\\AppData\\Local\\Temp\\sph_arrangement.cu-ee3fa3\\sph_arrangement.cu-gfx1030.o" -x hip "..\\Hybrid_Fluid_Simulation\\sph_arrangement.cu.hip"
  clang -cc1 version 17.0.0 based upon LLVM 17.0.0git default target x86_64-pc-windows-msvc
  ignoring nonexistent directory "Include\um"
  ignoring nonexistent directory "Include\um"
  ignoring nonexistent directory "/usr/local/include"
  ignoring nonexistent directory "/usr/include"
  ignoring duplicate directory "C:\Program Files\AMD\ROCm\5.5\include"
  ignoring duplicate directory "C:\Program Files\AMD\ROCm\5.5\lib\clang\17.0.0\include"
  ignoring duplicate directory "D:\projects\master_thesis\programs\HIPIFIED-FSPHF\sph_fastest\\Hybrid_Fluid_Simulation\GL_LIB\glew_64\include"
  ignoring duplicate directory "D:\projects\master_thesis\programs\HIPIFIED-FSPHF\sph_fastest\\Hybrid_Fluid_Simulation\GL_LIB\freeglut_64\include"
  ignoring duplicate directory "D:\projects\master_thesis\programs\HIPIFIED-FSPHF\sph_fastest\\Hybrid_Fluid_Simulation\json\include"
  ignoring duplicate directory "C:\Program Files\AMD\ROCm\5.5\include"
  ignoring duplicate directory "C:\Program Files\AMD\ROCm\5.5\include"
  ignoring duplicate directory "E:\Program Files\Microsoft Visual Studio\2022\Enterprise\VC\Tools\MSVC\14.37.32822\include"
  ignoring duplicate directory "E:\Program Files\Microsoft Visual Studio\2022\Enterprise\VC\Tools\MSVC\14.37.32822\atlmfc\include"
  ignoring duplicate directory "E:\Program Files\Microsoft Visual Studio\2022\Enterprise\VC\Auxiliary\VS\include"
  ignoring duplicate directory "C:\Program Files (x86)\Windows Kits\10\Include\10.0.22621.0\ucrt"
  ignoring duplicate directory "C:\Program Files (x86)\Windows Kits\10\Include\10.0.22621.0\um"
  ignoring duplicate directory "C:\Program Files (x86)\Windows Kits\10\Include\10.0.22621.0\shared"
  ignoring duplicate directory "C:\Program Files (x86)\Windows Kits\10\Include\10.0.22621.0\winrt"
  ignoring duplicate directory "C:\Program Files (x86)\Windows Kits\10\Include\10.0.22621.0\cppwinrt"
  ignoring duplicate directory "C:\Program Files\AMD\ROCm\5.5\lib\clang\17.0.0\include"
  ignoring duplicate directory "C:\Program Files\AMD\ROCm\5.5\include"
  #include "..." search starts here:
  #include <...> search starts here:
   D:\projects\master_thesis\programs\Fastest-SPH-framework\sph_fastest\Hybrid_Fluid_Simulation\json\include
   C:\Program Files\AMD\ROCm\5.5\lib\clang\17.0.0\include\cuda_wrappers
   C:\Program Files\AMD\ROCm\5.5\lib\clang\17.0.0\include
   D:\projects\master_thesis\programs\HIPIFIED-FSPHF\sph_fastest\\Hybrid_Fluid_Simulation\GL_LIB\glew_64\include
   D:\projects\master_thesis\programs\HIPIFIED-FSPHF\sph_fastest\\Hybrid_Fluid_Simulation\GL_LIB\freeglut_64\include
   D:\projects\master_thesis\programs\HIPIFIED-FSPHF\sph_fastest\\Hybrid_Fluid_Simulation\json\include
   C:\Program Files\AMD\ROCm\5.5\include
   E:\Program Files\Microsoft Visual Studio\2022\Enterprise\VC\Tools\MSVC\14.37.32822\include
   E:\Program Files\Microsoft Visual Studio\2022\Enterprise\VC\Tools\MSVC\14.37.32822\atlmfc\include
   E:\Program Files\Microsoft Visual Studio\2022\Enterprise\VC\Auxiliary\VS\include
   C:\Program Files (x86)\Windows Kits\10\Include\10.0.22621.0\ucrt
   C:\Program Files (x86)\Windows Kits\10\Include\10.0.22621.0\um
   C:\Program Files (x86)\Windows Kits\10\Include\10.0.22621.0\shared
   C:\Program Files (x86)\Windows Kits\10\Include\10.0.22621.0\winrt
   C:\Program Files (x86)\Windows Kits\10\Include\10.0.22621.0\cppwinrt
  End of search list.
..\Hybrid_Fluid_Simulation\sph_arrangement.cu.hip(818,150): warning : unused parameter 'grid_size' [-Wunused-parameter]
..\Hybrid_Fluid_Simulation\sph_arrangement.cu.hip(821,10): warning : comparison of integers of different signs: 'unsigned int' and 'int' [-Wsign-compare]
..\Hybrid_Fluid_Simulation\sph_arrangement.cu.hip(864,10): warning : comparison of integers of different signs: 'unsigned int' and 'int' [-Wsign-compare]
..\Hybrid_Fluid_Simulation\sph_arrangement.cu.hip(873,10): warning : comparison of integers of different signs: 'unsigned int' and 'int' [-Wsign-compare]
..\Hybrid_Fluid_Simulation\sph_arrangement.cu.hip(895,26): warning : comparison of integers of different signs: 'unsigned int' and 'int' [-Wsign-compare]
..\Hybrid_Fluid_Simulation\sph_arrangement.cu.hip(913,11): warning : comparison of integers of different signs: 'unsigned int' and 'int' [-Wsign-compare]
..\Hybrid_Fluid_Simulation\sph_arrangement.cu.hip(1164,2): warning : ignoring return value of function declared with 'nodiscard' attribute [-Wunused-result]
..\Hybrid_Fluid_Simulation\sph_arrangement.cu.hip(1162,6): warning : unused variable 'num_blockc' [-Wunused-variable]
..\Hybrid_Fluid_Simulation\sph_arrangement.cu.hip(1257,2): warning : ignoring return value of function declared with 'nodiscard' attribute [-Wunused-result]
..\Hybrid_Fluid_Simulation\sph_arrangement.cu.hip(1288,24): warning : comparison of integers of different signs: 'int' and 'unsigned int' [-Wsign-compare]
   "C:\\Program Files\\AMD\\ROCm\\5.5\\bin\\lld" -flavor gnu -m elf64_amdgpu --no-undefined -shared -plugin-opt=-amdgpu-internalize-symbols -plugin-opt=mcpu=gfx1030 -plugin-opt=O2 --lto-CGO2 -plugin-opt=-function-sections=1 -o "C:\\Users\\Jacob\\AppData\\Local\\Temp\\sph_arrangement.cu-3b716a\\sph_arrangement.cu-gfx1030.out" "C:\\Users\\Jacob\\AppData\\Local\\Temp\\sph_arrangement.cu-ee3fa3\\sph_arrangement.cu-gfx1030.o"
   "C:\\Program Files\\AMD\\ROCm\\5.5\\bin\\clang.exe" -cc1 -triple amdgcn-amd-amdhsa -aux-triple x86_64-pc-windows-msvc -emit-obj -mincremental-linker-compatible -disable-free -clear-ast-before-backend -disable-llvm-verifier -discard-value-names -main-file-name sph_arrangement.cu.hip -mrelocation-model pic -pic-level 2 -fhalf-no-semantic-interposition -mframe-pointer=none -fno-rounding-math -mconstructor-aliases -aux-target-cpu x86-64 -fcuda-is-device -mllvm -amdgpu-internalize-symbols -fcuda-allow-variadic-functions -fvisibility=hidden -fapply-global-visibility-to-externs -mlink-builtin-bitcode "C:\\Program Files\\AMD\\ROCm\\5.5\\amdgcn\\bitcode\\hip.bc" -mlink-builtin-bitcode "C:\\Program Files\\AMD\\ROCm\\5.5\\amdgcn\\bitcode\\ocml.bc" -mlink-builtin-bitcode "C:\\Program Files\\AMD\\ROCm\\5.5\\amdgcn\\bitcode\\ockl.bc" -mlink-builtin-bitcode "C:\\Program Files\\AMD\\ROCm\\5.5\\amdgcn\\bitcode\\oclc_daz_opt_off.bc" -mlink-builtin-bitcode "C:\\Program Files\\AMD\\ROCm\\5.5\\amdgcn\\bitcode\\oclc_unsafe_math_off.bc" -mlink-builtin-bitcode "C:\\Program Files\\AMD\\ROCm\\5.5\\amdgcn\\bitcode\\oclc_finite_only_off.bc" -mlink-builtin-bitcode "C:\\Program Files\\AMD\\ROCm\\5.5\\amdgcn\\bitcode\\oclc_correctly_rounded_sqrt_on.bc" -mlink-builtin-bitcode "C:\\Program Files\\AMD\\ROCm\\5.5\\amdgcn\\bitcode\\oclc_wavefrontsize64_off.bc" -mlink-builtin-bitcode "C:\\Program Files\\AMD\\ROCm\\5.5\\amdgcn\\bitcode\\oclc_isa_version_1100.bc" -mlink-builtin-bitcode "C:\\Program Files\\AMD\\ROCm\\5.5\\amdgcn\\bitcode\\oclc_abi_version_400.bc" -target-cpu gfx1100 -mllvm -treat-scalable-fixed-error-as-warning -debugger-tuning=gdb -v -ffunction-sections -resource-dir "C:\\Program Files\\AMD\\ROCm\\5.5\\lib\\clang\\17.0.0" -internal-isystem "C:\\Program Files\\AMD\\ROCm\\5.5\\lib\\clang\\17.0.0\\include\\cuda_wrappers" -idirafter "C:\\Program Files\\AMD\\ROCm\\5.5\\include" -include __clang_hip_runtime_wrapper.h -D __HIP_ARCH_GFX1030__=1 -D __HIP_ARCH_GFX1100__=1 -D __HIP_ARCH_GFX1101__=1 -D __HIP_ARCH_GFX1102__=1 -D _MT -D __clang__ -D __HIP__ -D NDEBUG -D _CONSOLE -D _UNICODE -D UNICODE -I "D:\\projects\\master_thesis\\programs\\Fastest-SPH-framework\\sph_fastest\\Hybrid_Fluid_Simulation\\json\\include" -D __HIP_ARCH_GFX1030__=1 -D __HIP_ARCH_GFX1100__=1 -D __HIP_ARCH_GFX1101__=1 -D __HIP_ARCH_GFX1102__=1 -D _MT -D __clang__ -D __HIP__ -D NDEBUG -D _CONSOLE -D _UNICODE -D UNICODE -internal-isystem "C:\\Program Files\\AMD\\ROCm\\5.5\\lib\\clang\\17.0.0\\include" -internal-isystem "D:\\projects\\master_thesis\\programs\\HIPIFIED-FSPHF\\sph_fastest\\\\Hybrid_Fluid_Simulation\\GL_LIB\\glew_64\\include" -internal-isystem "D:\\projects\\master_thesis\\programs\\HIPIFIED-FSPHF\\sph_fastest\\\\Hybrid_Fluid_Simulation\\GL_LIB\\freeglut_64\\include" -internal-isystem "D:\\projects\\master_thesis\\programs\\HIPIFIED-FSPHF\\sph_fastest\\\\Hybrid_Fluid_Simulation\\json\\include" -internal-isystem "C:\\Program Files\\AMD\\ROCm\\5.5\\include" -internal-isystem "C:\\Program Files\\AMD\\ROCm\\5.5\\include" -internal-isystem "E:\\Program Files\\Microsoft Visual Studio\\2022\\Enterprise\\VC\\Tools\\MSVC\\14.37.32822\\include" -internal-isystem "E:\\Program Files\\Microsoft Visual Studio\\2022\\Enterprise\\VC\\Tools\\MSVC\\14.37.32822\\atlmfc\\include" -internal-isystem "E:\\Program Files\\Microsoft Visual Studio\\2022\\Enterprise\\VC\\Auxiliary\\VS\\include" -internal-isystem "C:\\Program Files (x86)\\Windows Kits\\10\\Include\\10.0.22621.0\\ucrt" -internal-isystem "C:\\Program Files (x86)\\Windows Kits\\10\\Include\\10.0.22621.0\\um" -internal-isystem "C:\\Program Files (x86)\\Windows Kits\\10\\Include\\10.0.22621.0\\shared" -internal-isystem "C:\\Program Files (x86)\\Windows Kits\\10\\Include\\10.0.22621.0\\winrt" -internal-isystem "C:\\Program Files (x86)\\Windows Kits\\10\\Include\\10.0.22621.0\\cppwinrt" -internal-isystem "Include\\um" -internal-isystem "C:\\Program Files\\AMD\\ROCm\\5.5\\lib\\clang\\17.0.0\\include" -internal-isystem "D:\\projects\\master_thesis\\programs\\HIPIFIED-FSPHF\\sph_fastest\\\\Hybrid_Fluid_Simulation\\GL_LIB\\glew_64\\include" -internal-isystem "D:\\projects\\master_thesis\\programs\\HIPIFIED-FSPHF\\sph_fastest\\\\Hybrid_Fluid_Simulation\\GL_LIB\\freeglut_64\\include" -internal-isystem "D:\\projects\\master_thesis\\programs\\HIPIFIED-FSPHF\\sph_fastest\\\\Hybrid_Fluid_Simulation\\json\\include" -internal-isystem "C:\\Program Files\\AMD\\ROCm\\5.5\\include" -internal-isystem "C:\\Program Files\\AMD\\ROCm\\5.5\\include" -internal-isystem "E:\\Program Files\\Microsoft Visual Studio\\2022\\Enterprise\\VC\\Tools\\MSVC\\14.37.32822\\include" -internal-isystem "E:\\Program Files\\Microsoft Visual Studio\\2022\\Enterprise\\VC\\Tools\\MSVC\\14.37.32822\\atlmfc\\include" -internal-isystem "E:\\Program Files\\Microsoft Visual Studio\\2022\\Enterprise\\VC\\Auxiliary\\VS\\include" -internal-isystem "C:\\Program Files (x86)\\Windows Kits\\10\\Include\\10.0.22621.0\\ucrt" -internal-isystem "C:\\Program Files (x86)\\Windows Kits\\10\\Include\\10.0.22621.0\\um" -internal-isystem "C:\\Program Files (x86)\\Windows Kits\\10\\Include\\10.0.22621.0\\shared" -internal-isystem "C:\\Program Files (x86)\\Windows Kits\\10\\Include\\10.0.22621.0\\winrt" -internal-isystem "C:\\Program Files (x86)\\Windows Kits\\10\\Include\\10.0.22621.0\\cppwinrt" -internal-isystem "Include\\um" -O2 -Wall -Wextra -std=c++17 -fdeprecated-macro -fno-autolink "-fdebug-compilation-dir=D:\\projects\\master_thesis\\programs\\HIPIFIED-FSPHF\\sph_fastest\\Demo" -ferror-limit 19 -stack-protector 1 -fhip-new-launch-api -fuse-line-directives -fms-extensions -fms-compatibility -fms-compatibility-version=19.37.32826 -fdelayed-template-parsing -fcxx-exceptions -fexceptions -fno-caret-diagnostics -fdiagnostics-format msvc -vectorize-loops -vectorize-slp -fdefault-calling-conv=cdecl -flto-visibility-public-std --dependent-lib=libcmt --dependent-lib=oldnames -cuid=b9bab5e16fa049e7 -fcuda-allow-variadic-functions -faddrsig -D__GCC_HAVE_DWARF2_CFI_ASM=1 -o "C:\\Users\\Jacob\\AppData\\Local\\Temp\\sph_arrangement.cu-0f6a51\\sph_arrangement.cu-gfx1100.o" -x hip "..\\Hybrid_Fluid_Simulation\\sph_arrangement.cu.hip"
  clang -cc1 version 17.0.0 based upon LLVM 17.0.0git default target x86_64-pc-windows-msvc
  ignoring nonexistent directory "Include\um"
  ignoring nonexistent directory "Include\um"
  ignoring nonexistent directory "/usr/local/include"
  ignoring nonexistent directory "/usr/include"
  ignoring duplicate directory "C:\Program Files\AMD\ROCm\5.5\include"
  ignoring duplicate directory "C:\Program Files\AMD\ROCm\5.5\lib\clang\17.0.0\include"
  ignoring duplicate directory "D:\projects\master_thesis\programs\HIPIFIED-FSPHF\sph_fastest\\Hybrid_Fluid_Simulation\GL_LIB\glew_64\include"
  ignoring duplicate directory "D:\projects\master_thesis\programs\HIPIFIED-FSPHF\sph_fastest\\Hybrid_Fluid_Simulation\GL_LIB\freeglut_64\include"
  ignoring duplicate directory "D:\projects\master_thesis\programs\HIPIFIED-FSPHF\sph_fastest\\Hybrid_Fluid_Simulation\json\include"
  ignoring duplicate directory "C:\Program Files\AMD\ROCm\5.5\include"
  ignoring duplicate directory "C:\Program Files\AMD\ROCm\5.5\include"
  ignoring duplicate directory "E:\Program Files\Microsoft Visual Studio\2022\Enterprise\VC\Tools\MSVC\14.37.32822\include"
  ignoring duplicate directory "E:\Program Files\Microsoft Visual Studio\2022\Enterprise\VC\Tools\MSVC\14.37.32822\atlmfc\include"
  ignoring duplicate directory "E:\Program Files\Microsoft Visual Studio\2022\Enterprise\VC\Auxiliary\VS\include"
  ignoring duplicate directory "C:\Program Files (x86)\Windows Kits\10\Include\10.0.22621.0\ucrt"
  ignoring duplicate directory "C:\Program Files (x86)\Windows Kits\10\Include\10.0.22621.0\um"
  ignoring duplicate directory "C:\Program Files (x86)\Windows Kits\10\Include\10.0.22621.0\shared"
  ignoring duplicate directory "C:\Program Files (x86)\Windows Kits\10\Include\10.0.22621.0\winrt"
  ignoring duplicate directory "C:\Program Files (x86)\Windows Kits\10\Include\10.0.22621.0\cppwinrt"
  ignoring duplicate directory "C:\Program Files\AMD\ROCm\5.5\lib\clang\17.0.0\include"
  ignoring duplicate directory "C:\Program Files\AMD\ROCm\5.5\include"
  #include "..." search starts here:
  #include <...> search starts here:
   D:\projects\master_thesis\programs\Fastest-SPH-framework\sph_fastest\Hybrid_Fluid_Simulation\json\include
   C:\Program Files\AMD\ROCm\5.5\lib\clang\17.0.0\include\cuda_wrappers
   C:\Program Files\AMD\ROCm\5.5\lib\clang\17.0.0\include
   D:\projects\master_thesis\programs\HIPIFIED-FSPHF\sph_fastest\\Hybrid_Fluid_Simulation\GL_LIB\glew_64\include
   D:\projects\master_thesis\programs\HIPIFIED-FSPHF\sph_fastest\\Hybrid_Fluid_Simulation\GL_LIB\freeglut_64\include
   D:\projects\master_thesis\programs\HIPIFIED-FSPHF\sph_fastest\\Hybrid_Fluid_Simulation\json\include
   C:\Program Files\AMD\ROCm\5.5\include
   E:\Program Files\Microsoft Visual Studio\2022\Enterprise\VC\Tools\MSVC\14.37.32822\include
   E:\Program Files\Microsoft Visual Studio\2022\Enterprise\VC\Tools\MSVC\14.37.32822\atlmfc\include
   E:\Program Files\Microsoft Visual Studio\2022\Enterprise\VC\Auxiliary\VS\include
   C:\Program Files (x86)\Windows Kits\10\Include\10.0.22621.0\ucrt
   C:\Program Files (x86)\Windows Kits\10\Include\10.0.22621.0\um
   C:\Program Files (x86)\Windows Kits\10\Include\10.0.22621.0\shared
   C:\Program Files (x86)\Windows Kits\10\Include\10.0.22621.0\winrt
   C:\Program Files (x86)\Windows Kits\10\Include\10.0.22621.0\cppwinrt
  End of search list.
..\Hybrid_Fluid_Simulation\sph_arrangement.cu.hip(818,150): warning : unused parameter 'grid_size' [-Wunused-parameter]
..\Hybrid_Fluid_Simulation\sph_arrangement.cu.hip(821,10): warning : comparison of integers of different signs: 'unsigned int' and 'int' [-Wsign-compare]
..\Hybrid_Fluid_Simulation\sph_arrangement.cu.hip(864,10): warning : comparison of integers of different signs: 'unsigned int' and 'int' [-Wsign-compare]
..\Hybrid_Fluid_Simulation\sph_arrangement.cu.hip(873,10): warning : comparison of integers of different signs: 'unsigned int' and 'int' [-Wsign-compare]
..\Hybrid_Fluid_Simulation\sph_arrangement.cu.hip(895,26): warning : comparison of integers of different signs: 'unsigned int' and 'int' [-Wsign-compare]
..\Hybrid_Fluid_Simulation\sph_arrangement.cu.hip(913,11): warning : comparison of integers of different signs: 'unsigned int' and 'int' [-Wsign-compare]
..\Hybrid_Fluid_Simulation\sph_arrangement.cu.hip(1164,2): warning : ignoring return value of function declared with 'nodiscard' attribute [-Wunused-result]
..\Hybrid_Fluid_Simulation\sph_arrangement.cu.hip(1162,6): warning : unused variable 'num_blockc' [-Wunused-variable]
..\Hybrid_Fluid_Simulation\sph_arrangement.cu.hip(1257,2): warning : ignoring return value of function declared with 'nodiscard' attribute [-Wunused-result]
..\Hybrid_Fluid_Simulation\sph_arrangement.cu.hip(1288,24): warning : comparison of integers of different signs: 'int' and 'unsigned int' [-Wsign-compare]
   "C:\\Program Files\\AMD\\ROCm\\5.5\\bin\\lld" -flavor gnu -m elf64_amdgpu --no-undefined -shared -plugin-opt=-amdgpu-internalize-symbols -plugin-opt=mcpu=gfx1100 -plugin-opt=O2 --lto-CGO2 -plugin-opt=-function-sections=1 -o "C:\\Users\\Jacob\\AppData\\Local\\Temp\\sph_arrangement.cu-6a6050\\sph_arrangement.cu-gfx1100.out" "C:\\Users\\Jacob\\AppData\\Local\\Temp\\sph_arrangement.cu-0f6a51\\sph_arrangement.cu-gfx1100.o"
   "C:\\Program Files\\AMD\\ROCm\\5.5\\bin\\clang.exe" -cc1 -triple amdgcn-amd-amdhsa -aux-triple x86_64-pc-windows-msvc -emit-obj -mincremental-linker-compatible -disable-free -clear-ast-before-backend -disable-llvm-verifier -discard-value-names -main-file-name sph_arrangement.cu.hip -mrelocation-model pic -pic-level 2 -fhalf-no-semantic-interposition -mframe-pointer=none -fno-rounding-math -mconstructor-aliases -aux-target-cpu x86-64 -fcuda-is-device -mllvm -amdgpu-internalize-symbols -fcuda-allow-variadic-functions -fvisibility=hidden -fapply-global-visibility-to-externs -mlink-builtin-bitcode "C:\\Program Files\\AMD\\ROCm\\5.5\\amdgcn\\bitcode\\hip.bc" -mlink-builtin-bitcode "C:\\Program Files\\AMD\\ROCm\\5.5\\amdgcn\\bitcode\\ocml.bc" -mlink-builtin-bitcode "C:\\Program Files\\AMD\\ROCm\\5.5\\amdgcn\\bitcode\\ockl.bc" -mlink-builtin-bitcode "C:\\Program Files\\AMD\\ROCm\\5.5\\amdgcn\\bitcode\\oclc_daz_opt_off.bc" -mlink-builtin-bitcode "C:\\Program Files\\AMD\\ROCm\\5.5\\amdgcn\\bitcode\\oclc_unsafe_math_off.bc" -mlink-builtin-bitcode "C:\\Program Files\\AMD\\ROCm\\5.5\\amdgcn\\bitcode\\oclc_finite_only_off.bc" -mlink-builtin-bitcode "C:\\Program Files\\AMD\\ROCm\\5.5\\amdgcn\\bitcode\\oclc_correctly_rounded_sqrt_on.bc" -mlink-builtin-bitcode "C:\\Program Files\\AMD\\ROCm\\5.5\\amdgcn\\bitcode\\oclc_wavefrontsize64_off.bc" -mlink-builtin-bitcode "C:\\Program Files\\AMD\\ROCm\\5.5\\amdgcn\\bitcode\\oclc_isa_version_1101.bc" -mlink-builtin-bitcode "C:\\Program Files\\AMD\\ROCm\\5.5\\amdgcn\\bitcode\\oclc_abi_version_400.bc" -target-cpu gfx1101 -mllvm -treat-scalable-fixed-error-as-warning -debugger-tuning=gdb -v -ffunction-sections -resource-dir "C:\\Program Files\\AMD\\ROCm\\5.5\\lib\\clang\\17.0.0" -internal-isystem "C:\\Program Files\\AMD\\ROCm\\5.5\\lib\\clang\\17.0.0\\include\\cuda_wrappers" -idirafter "C:\\Program Files\\AMD\\ROCm\\5.5\\include" -include __clang_hip_runtime_wrapper.h -D __HIP_ARCH_GFX1030__=1 -D __HIP_ARCH_GFX1100__=1 -D __HIP_ARCH_GFX1101__=1 -D __HIP_ARCH_GFX1102__=1 -D _MT -D __clang__ -D __HIP__ -D NDEBUG -D _CONSOLE -D _UNICODE -D UNICODE -I "D:\\projects\\master_thesis\\programs\\Fastest-SPH-framework\\sph_fastest\\Hybrid_Fluid_Simulation\\json\\include" -D __HIP_ARCH_GFX1030__=1 -D __HIP_ARCH_GFX1100__=1 -D __HIP_ARCH_GFX1101__=1 -D __HIP_ARCH_GFX1102__=1 -D _MT -D __clang__ -D __HIP__ -D NDEBUG -D _CONSOLE -D _UNICODE -D UNICODE -internal-isystem "C:\\Program Files\\AMD\\ROCm\\5.5\\lib\\clang\\17.0.0\\include" -internal-isystem "D:\\projects\\master_thesis\\programs\\HIPIFIED-FSPHF\\sph_fastest\\\\Hybrid_Fluid_Simulation\\GL_LIB\\glew_64\\include" -internal-isystem "D:\\projects\\master_thesis\\programs\\HIPIFIED-FSPHF\\sph_fastest\\\\Hybrid_Fluid_Simulation\\GL_LIB\\freeglut_64\\include" -internal-isystem "D:\\projects\\master_thesis\\programs\\HIPIFIED-FSPHF\\sph_fastest\\\\Hybrid_Fluid_Simulation\\json\\include" -internal-isystem "C:\\Program Files\\AMD\\ROCm\\5.5\\include" -internal-isystem "C:\\Program Files\\AMD\\ROCm\\5.5\\include" -internal-isystem "E:\\Program Files\\Microsoft Visual Studio\\2022\\Enterprise\\VC\\Tools\\MSVC\\14.37.32822\\include" -internal-isystem "E:\\Program Files\\Microsoft Visual Studio\\2022\\Enterprise\\VC\\Tools\\MSVC\\14.37.32822\\atlmfc\\include" -internal-isystem "E:\\Program Files\\Microsoft Visual Studio\\2022\\Enterprise\\VC\\Auxiliary\\VS\\include" -internal-isystem "C:\\Program Files (x86)\\Windows Kits\\10\\Include\\10.0.22621.0\\ucrt" -internal-isystem "C:\\Program Files (x86)\\Windows Kits\\10\\Include\\10.0.22621.0\\um" -internal-isystem "C:\\Program Files (x86)\\Windows Kits\\10\\Include\\10.0.22621.0\\shared" -internal-isystem "C:\\Program Files (x86)\\Windows Kits\\10\\Include\\10.0.22621.0\\winrt" -internal-isystem "C:\\Program Files (x86)\\Windows Kits\\10\\Include\\10.0.22621.0\\cppwinrt" -internal-isystem "Include\\um" -internal-isystem "C:\\Program Files\\AMD\\ROCm\\5.5\\lib\\clang\\17.0.0\\include" -internal-isystem "D:\\projects\\master_thesis\\programs\\HIPIFIED-FSPHF\\sph_fastest\\\\Hybrid_Fluid_Simulation\\GL_LIB\\glew_64\\include" -internal-isystem "D:\\projects\\master_thesis\\programs\\HIPIFIED-FSPHF\\sph_fastest\\\\Hybrid_Fluid_Simulation\\GL_LIB\\freeglut_64\\include" -internal-isystem "D:\\projects\\master_thesis\\programs\\HIPIFIED-FSPHF\\sph_fastest\\\\Hybrid_Fluid_Simulation\\json\\include" -internal-isystem "C:\\Program Files\\AMD\\ROCm\\5.5\\include" -internal-isystem "C:\\Program Files\\AMD\\ROCm\\5.5\\include" -internal-isystem "E:\\Program Files\\Microsoft Visual Studio\\2022\\Enterprise\\VC\\Tools\\MSVC\\14.37.32822\\include" -internal-isystem "E:\\Program Files\\Microsoft Visual Studio\\2022\\Enterprise\\VC\\Tools\\MSVC\\14.37.32822\\atlmfc\\include" -internal-isystem "E:\\Program Files\\Microsoft Visual Studio\\2022\\Enterprise\\VC\\Auxiliary\\VS\\include" -internal-isystem "C:\\Program Files (x86)\\Windows Kits\\10\\Include\\10.0.22621.0\\ucrt" -internal-isystem "C:\\Program Files (x86)\\Windows Kits\\10\\Include\\10.0.22621.0\\um" -internal-isystem "C:\\Program Files (x86)\\Windows Kits\\10\\Include\\10.0.22621.0\\shared" -internal-isystem "C:\\Program Files (x86)\\Windows Kits\\10\\Include\\10.0.22621.0\\winrt" -internal-isystem "C:\\Program Files (x86)\\Windows Kits\\10\\Include\\10.0.22621.0\\cppwinrt" -internal-isystem "Include\\um" -O2 -Wall -Wextra -std=c++17 -fdeprecated-macro -fno-autolink "-fdebug-compilation-dir=D:\\projects\\master_thesis\\programs\\HIPIFIED-FSPHF\\sph_fastest\\Demo" -ferror-limit 19 -stack-protector 1 -fhip-new-launch-api -fuse-line-directives -fms-extensions -fms-compatibility -fms-compatibility-version=19.37.32826 -fdelayed-template-parsing -fcxx-exceptions -fexceptions -fno-caret-diagnostics -fdiagnostics-format msvc -vectorize-loops -vectorize-slp -fdefault-calling-conv=cdecl -flto-visibility-public-std --dependent-lib=libcmt --dependent-lib=oldnames -cuid=b9bab5e16fa049e7 -fcuda-allow-variadic-functions -faddrsig -D__GCC_HAVE_DWARF2_CFI_ASM=1 -o "C:\\Users\\Jacob\\AppData\\Local\\Temp\\sph_arrangement.cu-2743aa\\sph_arrangement.cu-gfx1101.o" -x hip "..\\Hybrid_Fluid_Simulation\\sph_arrangement.cu.hip"
  clang -cc1 version 17.0.0 based upon LLVM 17.0.0git default target x86_64-pc-windows-msvc
  ignoring nonexistent directory "Include\um"
  ignoring nonexistent directory "Include\um"
  ignoring nonexistent directory "/usr/local/include"
  ignoring nonexistent directory "/usr/include"
  ignoring duplicate directory "C:\Program Files\AMD\ROCm\5.5\include"
  ignoring duplicate directory "C:\Program Files\AMD\ROCm\5.5\lib\clang\17.0.0\include"
  ignoring duplicate directory "D:\projects\master_thesis\programs\HIPIFIED-FSPHF\sph_fastest\\Hybrid_Fluid_Simulation\GL_LIB\glew_64\include"
  ignoring duplicate directory "D:\projects\master_thesis\programs\HIPIFIED-FSPHF\sph_fastest\\Hybrid_Fluid_Simulation\GL_LIB\freeglut_64\include"
  ignoring duplicate directory "D:\projects\master_thesis\programs\HIPIFIED-FSPHF\sph_fastest\\Hybrid_Fluid_Simulation\json\include"
  ignoring duplicate directory "C:\Program Files\AMD\ROCm\5.5\include"
  ignoring duplicate directory "C:\Program Files\AMD\ROCm\5.5\include"
  ignoring duplicate directory "E:\Program Files\Microsoft Visual Studio\2022\Enterprise\VC\Tools\MSVC\14.37.32822\include"
  ignoring duplicate directory "E:\Program Files\Microsoft Visual Studio\2022\Enterprise\VC\Tools\MSVC\14.37.32822\atlmfc\include"
  ignoring duplicate directory "E:\Program Files\Microsoft Visual Studio\2022\Enterprise\VC\Auxiliary\VS\include"
  ignoring duplicate directory "C:\Program Files (x86)\Windows Kits\10\Include\10.0.22621.0\ucrt"
  ignoring duplicate directory "C:\Program Files (x86)\Windows Kits\10\Include\10.0.22621.0\um"
  ignoring duplicate directory "C:\Program Files (x86)\Windows Kits\10\Include\10.0.22621.0\shared"
  ignoring duplicate directory "C:\Program Files (x86)\Windows Kits\10\Include\10.0.22621.0\winrt"
  ignoring duplicate directory "C:\Program Files (x86)\Windows Kits\10\Include\10.0.22621.0\cppwinrt"
  ignoring duplicate directory "C:\Program Files\AMD\ROCm\5.5\lib\clang\17.0.0\include"
  ignoring duplicate directory "C:\Program Files\AMD\ROCm\5.5\include"
  #include "..." search starts here:
  #include <...> search starts here:
   D:\projects\master_thesis\programs\Fastest-SPH-framework\sph_fastest\Hybrid_Fluid_Simulation\json\include
   C:\Program Files\AMD\ROCm\5.5\lib\clang\17.0.0\include\cuda_wrappers
   C:\Program Files\AMD\ROCm\5.5\lib\clang\17.0.0\include
   D:\projects\master_thesis\programs\HIPIFIED-FSPHF\sph_fastest\\Hybrid_Fluid_Simulation\GL_LIB\glew_64\include
   D:\projects\master_thesis\programs\HIPIFIED-FSPHF\sph_fastest\\Hybrid_Fluid_Simulation\GL_LIB\freeglut_64\include
   D:\projects\master_thesis\programs\HIPIFIED-FSPHF\sph_fastest\\Hybrid_Fluid_Simulation\json\include
   C:\Program Files\AMD\ROCm\5.5\include
   E:\Program Files\Microsoft Visual Studio\2022\Enterprise\VC\Tools\MSVC\14.37.32822\include
   E:\Program Files\Microsoft Visual Studio\2022\Enterprise\VC\Tools\MSVC\14.37.32822\atlmfc\include
   E:\Program Files\Microsoft Visual Studio\2022\Enterprise\VC\Auxiliary\VS\include
   C:\Program Files (x86)\Windows Kits\10\Include\10.0.22621.0\ucrt
   C:\Program Files (x86)\Windows Kits\10\Include\10.0.22621.0\um
   C:\Program Files (x86)\Windows Kits\10\Include\10.0.22621.0\shared
   C:\Program Files (x86)\Windows Kits\10\Include\10.0.22621.0\winrt
   C:\Program Files (x86)\Windows Kits\10\Include\10.0.22621.0\cppwinrt
  End of search list.
..\Hybrid_Fluid_Simulation\sph_arrangement.cu.hip(818,150): warning : unused parameter 'grid_size' [-Wunused-parameter]
..\Hybrid_Fluid_Simulation\sph_arrangement.cu.hip(821,10): warning : comparison of integers of different signs: 'unsigned int' and 'int' [-Wsign-compare]
..\Hybrid_Fluid_Simulation\sph_arrangement.cu.hip(864,10): warning : comparison of integers of different signs: 'unsigned int' and 'int' [-Wsign-compare]
..\Hybrid_Fluid_Simulation\sph_arrangement.cu.hip(873,10): warning : comparison of integers of different signs: 'unsigned int' and 'int' [-Wsign-compare]
..\Hybrid_Fluid_Simulation\sph_arrangement.cu.hip(895,26): warning : comparison of integers of different signs: 'unsigned int' and 'int' [-Wsign-compare]
..\Hybrid_Fluid_Simulation\sph_arrangement.cu.hip(913,11): warning : comparison of integers of different signs: 'unsigned int' and 'int' [-Wsign-compare]
..\Hybrid_Fluid_Simulation\sph_arrangement.cu.hip(1164,2): warning : ignoring return value of function declared with 'nodiscard' attribute [-Wunused-result]
..\Hybrid_Fluid_Simulation\sph_arrangement.cu.hip(1162,6): warning : unused variable 'num_blockc' [-Wunused-variable]
..\Hybrid_Fluid_Simulation\sph_arrangement.cu.hip(1257,2): warning : ignoring return value of function declared with 'nodiscard' attribute [-Wunused-result]
..\Hybrid_Fluid_Simulation\sph_arrangement.cu.hip(1288,24): warning : comparison of integers of different signs: 'int' and 'unsigned int' [-Wsign-compare]
   "C:\\Program Files\\AMD\\ROCm\\5.5\\bin\\lld" -flavor gnu -m elf64_amdgpu --no-undefined -shared -plugin-opt=-amdgpu-internalize-symbols -plugin-opt=mcpu=gfx1101 -plugin-opt=O2 --lto-CGO2 -plugin-opt=-function-sections=1 -o "C:\\Users\\Jacob\\AppData\\Local\\Temp\\sph_arrangement.cu-f6cd6c\\sph_arrangement.cu-gfx1101.out" "C:\\Users\\Jacob\\AppData\\Local\\Temp\\sph_arrangement.cu-2743aa\\sph_arrangement.cu-gfx1101.o"
   "C:\\Program Files\\AMD\\ROCm\\5.5\\bin\\clang.exe" -cc1 -triple amdgcn-amd-amdhsa -aux-triple x86_64-pc-windows-msvc -emit-obj -mincremental-linker-compatible -disable-free -clear-ast-before-backend -disable-llvm-verifier -discard-value-names -main-file-name sph_arrangement.cu.hip -mrelocation-model pic -pic-level 2 -fhalf-no-semantic-interposition -mframe-pointer=none -fno-rounding-math -mconstructor-aliases -aux-target-cpu x86-64 -fcuda-is-device -mllvm -amdgpu-internalize-symbols -fcuda-allow-variadic-functions -fvisibility=hidden -fapply-global-visibility-to-externs -mlink-builtin-bitcode "C:\\Program Files\\AMD\\ROCm\\5.5\\amdgcn\\bitcode\\hip.bc" -mlink-builtin-bitcode "C:\\Program Files\\AMD\\ROCm\\5.5\\amdgcn\\bitcode\\ocml.bc" -mlink-builtin-bitcode "C:\\Program Files\\AMD\\ROCm\\5.5\\amdgcn\\bitcode\\ockl.bc" -mlink-builtin-bitcode "C:\\Program Files\\AMD\\ROCm\\5.5\\amdgcn\\bitcode\\oclc_daz_opt_off.bc" -mlink-builtin-bitcode "C:\\Program Files\\AMD\\ROCm\\5.5\\amdgcn\\bitcode\\oclc_unsafe_math_off.bc" -mlink-builtin-bitcode "C:\\Program Files\\AMD\\ROCm\\5.5\\amdgcn\\bitcode\\oclc_finite_only_off.bc" -mlink-builtin-bitcode "C:\\Program Files\\AMD\\ROCm\\5.5\\amdgcn\\bitcode\\oclc_correctly_rounded_sqrt_on.bc" -mlink-builtin-bitcode "C:\\Program Files\\AMD\\ROCm\\5.5\\amdgcn\\bitcode\\oclc_wavefrontsize64_off.bc" -mlink-builtin-bitcode "C:\\Program Files\\AMD\\ROCm\\5.5\\amdgcn\\bitcode\\oclc_isa_version_1102.bc" -mlink-builtin-bitcode "C:\\Program Files\\AMD\\ROCm\\5.5\\amdgcn\\bitcode\\oclc_abi_version_400.bc" -target-cpu gfx1102 -mllvm -treat-scalable-fixed-error-as-warning -debugger-tuning=gdb -v -ffunction-sections -resource-dir "C:\\Program Files\\AMD\\ROCm\\5.5\\lib\\clang\\17.0.0" -internal-isystem "C:\\Program Files\\AMD\\ROCm\\5.5\\lib\\clang\\17.0.0\\include\\cuda_wrappers" -idirafter "C:\\Program Files\\AMD\\ROCm\\5.5\\include" -include __clang_hip_runtime_wrapper.h -D __HIP_ARCH_GFX1030__=1 -D __HIP_ARCH_GFX1100__=1 -D __HIP_ARCH_GFX1101__=1 -D __HIP_ARCH_GFX1102__=1 -D _MT -D __clang__ -D __HIP__ -D NDEBUG -D _CONSOLE -D _UNICODE -D UNICODE -I "D:\\projects\\master_thesis\\programs\\Fastest-SPH-framework\\sph_fastest\\Hybrid_Fluid_Simulation\\json\\include" -D __HIP_ARCH_GFX1030__=1 -D __HIP_ARCH_GFX1100__=1 -D __HIP_ARCH_GFX1101__=1 -D __HIP_ARCH_GFX1102__=1 -D _MT -D __clang__ -D __HIP__ -D NDEBUG -D _CONSOLE -D _UNICODE -D UNICODE -internal-isystem "C:\\Program Files\\AMD\\ROCm\\5.5\\lib\\clang\\17.0.0\\include" -internal-isystem "D:\\projects\\master_thesis\\programs\\HIPIFIED-FSPHF\\sph_fastest\\\\Hybrid_Fluid_Simulation\\GL_LIB\\glew_64\\include" -internal-isystem "D:\\projects\\master_thesis\\programs\\HIPIFIED-FSPHF\\sph_fastest\\\\Hybrid_Fluid_Simulation\\GL_LIB\\freeglut_64\\include" -internal-isystem "D:\\projects\\master_thesis\\programs\\HIPIFIED-FSPHF\\sph_fastest\\\\Hybrid_Fluid_Simulation\\json\\include" -internal-isystem "C:\\Program Files\\AMD\\ROCm\\5.5\\include" -internal-isystem "C:\\Program Files\\AMD\\ROCm\\5.5\\include" -internal-isystem "E:\\Program Files\\Microsoft Visual Studio\\2022\\Enterprise\\VC\\Tools\\MSVC\\14.37.32822\\include" -internal-isystem "E:\\Program Files\\Microsoft Visual Studio\\2022\\Enterprise\\VC\\Tools\\MSVC\\14.37.32822\\atlmfc\\include" -internal-isystem "E:\\Program Files\\Microsoft Visual Studio\\2022\\Enterprise\\VC\\Auxiliary\\VS\\include" -internal-isystem "C:\\Program Files (x86)\\Windows Kits\\10\\Include\\10.0.22621.0\\ucrt" -internal-isystem "C:\\Program Files (x86)\\Windows Kits\\10\\Include\\10.0.22621.0\\um" -internal-isystem "C:\\Program Files (x86)\\Windows Kits\\10\\Include\\10.0.22621.0\\shared" -internal-isystem "C:\\Program Files (x86)\\Windows Kits\\10\\Include\\10.0.22621.0\\winrt" -internal-isystem "C:\\Program Files (x86)\\Windows Kits\\10\\Include\\10.0.22621.0\\cppwinrt" -internal-isystem "Include\\um" -internal-isystem "C:\\Program Files\\AMD\\ROCm\\5.5\\lib\\clang\\17.0.0\\include" -internal-isystem "D:\\projects\\master_thesis\\programs\\HIPIFIED-FSPHF\\sph_fastest\\\\Hybrid_Fluid_Simulation\\GL_LIB\\glew_64\\include" -internal-isystem "D:\\projects\\master_thesis\\programs\\HIPIFIED-FSPHF\\sph_fastest\\\\Hybrid_Fluid_Simulation\\GL_LIB\\freeglut_64\\include" -internal-isystem "D:\\projects\\master_thesis\\programs\\HIPIFIED-FSPHF\\sph_fastest\\\\Hybrid_Fluid_Simulation\\json\\include" -internal-isystem "C:\\Program Files\\AMD\\ROCm\\5.5\\include" -internal-isystem "C:\\Program Files\\AMD\\ROCm\\5.5\\include" -internal-isystem "E:\\Program Files\\Microsoft Visual Studio\\2022\\Enterprise\\VC\\Tools\\MSVC\\14.37.32822\\include" -internal-isystem "E:\\Program Files\\Microsoft Visual Studio\\2022\\Enterprise\\VC\\Tools\\MSVC\\14.37.32822\\atlmfc\\include" -internal-isystem "E:\\Program Files\\Microsoft Visual Studio\\2022\\Enterprise\\VC\\Auxiliary\\VS\\include" -internal-isystem "C:\\Program Files (x86)\\Windows Kits\\10\\Include\\10.0.22621.0\\ucrt" -internal-isystem "C:\\Program Files (x86)\\Windows Kits\\10\\Include\\10.0.22621.0\\um" -internal-isystem "C:\\Program Files (x86)\\Windows Kits\\10\\Include\\10.0.22621.0\\shared" -internal-isystem "C:\\Program Files (x86)\\Windows Kits\\10\\Include\\10.0.22621.0\\winrt" -internal-isystem "C:\\Program Files (x86)\\Windows Kits\\10\\Include\\10.0.22621.0\\cppwinrt" -internal-isystem "Include\\um" -O2 -Wall -Wextra -std=c++17 -fdeprecated-macro -fno-autolink "-fdebug-compilation-dir=D:\\projects\\master_thesis\\programs\\HIPIFIED-FSPHF\\sph_fastest\\Demo" -ferror-limit 19 -stack-protector 1 -fhip-new-launch-api -fuse-line-directives -fms-extensions -fms-compatibility -fms-compatibility-version=19.37.32826 -fdelayed-template-parsing -fcxx-exceptions -fexceptions -fno-caret-diagnostics -fdiagnostics-format msvc -vectorize-loops -vectorize-slp -fdefault-calling-conv=cdecl -flto-visibility-public-std --dependent-lib=libcmt --dependent-lib=oldnames -cuid=b9bab5e16fa049e7 -fcuda-allow-variadic-functions -faddrsig -D__GCC_HAVE_DWARF2_CFI_ASM=1 -o "C:\\Users\\Jacob\\AppData\\Local\\Temp\\sph_arrangement.cu-5adb39\\sph_arrangement.cu-gfx1102.o" -x hip "..\\Hybrid_Fluid_Simulation\\sph_arrangement.cu.hip"
  clang -cc1 version 17.0.0 based upon LLVM 17.0.0git default target x86_64-pc-windows-msvc
  ignoring nonexistent directory "Include\um"
  ignoring nonexistent directory "Include\um"
  ignoring nonexistent directory "/usr/local/include"
  ignoring nonexistent directory "/usr/include"
  ignoring duplicate directory "C:\Program Files\AMD\ROCm\5.5\include"
  ignoring duplicate directory "C:\Program Files\AMD\ROCm\5.5\lib\clang\17.0.0\include"
  ignoring duplicate directory "D:\projects\master_thesis\programs\HIPIFIED-FSPHF\sph_fastest\\Hybrid_Fluid_Simulation\GL_LIB\glew_64\include"
  ignoring duplicate directory "D:\projects\master_thesis\programs\HIPIFIED-FSPHF\sph_fastest\\Hybrid_Fluid_Simulation\GL_LIB\freeglut_64\include"
  ignoring duplicate directory "D:\projects\master_thesis\programs\HIPIFIED-FSPHF\sph_fastest\\Hybrid_Fluid_Simulation\json\include"
  ignoring duplicate directory "C:\Program Files\AMD\ROCm\5.5\include"
  ignoring duplicate directory "C:\Program Files\AMD\ROCm\5.5\include"
  ignoring duplicate directory "E:\Program Files\Microsoft Visual Studio\2022\Enterprise\VC\Tools\MSVC\14.37.32822\include"
  ignoring duplicate directory "E:\Program Files\Microsoft Visual Studio\2022\Enterprise\VC\Tools\MSVC\14.37.32822\atlmfc\include"
  ignoring duplicate directory "E:\Program Files\Microsoft Visual Studio\2022\Enterprise\VC\Auxiliary\VS\include"
  ignoring duplicate directory "C:\Program Files (x86)\Windows Kits\10\Include\10.0.22621.0\ucrt"
  ignoring duplicate directory "C:\Program Files (x86)\Windows Kits\10\Include\10.0.22621.0\um"
  ignoring duplicate directory "C:\Program Files (x86)\Windows Kits\10\Include\10.0.22621.0\shared"
  ignoring duplicate directory "C:\Program Files (x86)\Windows Kits\10\Include\10.0.22621.0\winrt"
  ignoring duplicate directory "C:\Program Files (x86)\Windows Kits\10\Include\10.0.22621.0\cppwinrt"
  ignoring duplicate directory "C:\Program Files\AMD\ROCm\5.5\lib\clang\17.0.0\include"
  ignoring duplicate directory "C:\Program Files\AMD\ROCm\5.5\include"
  #include "..." search starts here:
  #include <...> search starts here:
   D:\projects\master_thesis\programs\Fastest-SPH-framework\sph_fastest\Hybrid_Fluid_Simulation\json\include
   C:\Program Files\AMD\ROCm\5.5\lib\clang\17.0.0\include\cuda_wrappers
   C:\Program Files\AMD\ROCm\5.5\lib\clang\17.0.0\include
   D:\projects\master_thesis\programs\HIPIFIED-FSPHF\sph_fastest\\Hybrid_Fluid_Simulation\GL_LIB\glew_64\include
   D:\projects\master_thesis\programs\HIPIFIED-FSPHF\sph_fastest\\Hybrid_Fluid_Simulation\GL_LIB\freeglut_64\include
   D:\projects\master_thesis\programs\HIPIFIED-FSPHF\sph_fastest\\Hybrid_Fluid_Simulation\json\include
   C:\Program Files\AMD\ROCm\5.5\include
   E:\Program Files\Microsoft Visual Studio\2022\Enterprise\VC\Tools\MSVC\14.37.32822\include
   E:\Program Files\Microsoft Visual Studio\2022\Enterprise\VC\Tools\MSVC\14.37.32822\atlmfc\include
   E:\Program Files\Microsoft Visual Studio\2022\Enterprise\VC\Auxiliary\VS\include
   C:\Program Files (x86)\Windows Kits\10\Include\10.0.22621.0\ucrt
   C:\Program Files (x86)\Windows Kits\10\Include\10.0.22621.0\um
   C:\Program Files (x86)\Windows Kits\10\Include\10.0.22621.0\shared
   C:\Program Files (x86)\Windows Kits\10\Include\10.0.22621.0\winrt
   C:\Program Files (x86)\Windows Kits\10\Include\10.0.22621.0\cppwinrt
  End of search list.
..\Hybrid_Fluid_Simulation\sph_arrangement.cu.hip(818,150): warning : unused parameter 'grid_size' [-Wunused-parameter]
..\Hybrid_Fluid_Simulation\sph_arrangement.cu.hip(821,10): warning : comparison of integers of different signs: 'unsigned int' and 'int' [-Wsign-compare]
..\Hybrid_Fluid_Simulation\sph_arrangement.cu.hip(864,10): warning : comparison of integers of different signs: 'unsigned int' and 'int' [-Wsign-compare]
..\Hybrid_Fluid_Simulation\sph_arrangement.cu.hip(873,10): warning : comparison of integers of different signs: 'unsigned int' and 'int' [-Wsign-compare]
..\Hybrid_Fluid_Simulation\sph_arrangement.cu.hip(895,26): warning : comparison of integers of different signs: 'unsigned int' and 'int' [-Wsign-compare]
..\Hybrid_Fluid_Simulation\sph_arrangement.cu.hip(913,11): warning : comparison of integers of different signs: 'unsigned int' and 'int' [-Wsign-compare]
..\Hybrid_Fluid_Simulation\sph_arrangement.cu.hip(1164,2): warning : ignoring return value of function declared with 'nodiscard' attribute [-Wunused-result]
..\Hybrid_Fluid_Simulation\sph_arrangement.cu.hip(1162,6): warning : unused variable 'num_blockc' [-Wunused-variable]
..\Hybrid_Fluid_Simulation\sph_arrangement.cu.hip(1257,2): warning : ignoring return value of function declared with 'nodiscard' attribute [-Wunused-result]
..\Hybrid_Fluid_Simulation\sph_arrangement.cu.hip(1288,24): warning : comparison of integers of different signs: 'int' and 'unsigned int' [-Wsign-compare]
   "C:\\Program Files\\AMD\\ROCm\\5.5\\bin\\lld" -flavor gnu -m elf64_amdgpu --no-undefined -shared -plugin-opt=-amdgpu-internalize-symbols -plugin-opt=mcpu=gfx1102 -plugin-opt=O2 --lto-CGO2 -plugin-opt=-function-sections=1 -o "C:\\Users\\Jacob\\AppData\\Local\\Temp\\sph_arrangement.cu-7cad7d\\sph_arrangement.cu-gfx1102.out" "C:\\Users\\Jacob\\AppData\\Local\\Temp\\sph_arrangement.cu-5adb39\\sph_arrangement.cu-gfx1102.o"
   "C:\\Program Files\\AMD\\ROCm\\5.5\\bin\\clang-offload-bundler" -type=o -bundle-align=4096 -targets=host-x86_64-unknown-linux,hipv4-amdgcn-amd-amdhsa--gfx1030,hipv4-amdgcn-amd-amdhsa--gfx1100,hipv4-amdgcn-amd-amdhsa--gfx1101,hipv4-amdgcn-amd-amdhsa--gfx1102 -input=nul "-input=C:\\Users\\Jacob\\AppData\\Local\\Temp\\sph_arrangement.cu-3b716a\\sph_arrangement.cu-gfx1030.out" "-input=C:\\Users\\Jacob\\AppData\\Local\\Temp\\sph_arrangement.cu-6a6050\\sph_arrangement.cu-gfx1100.out" "-input=C:\\Users\\Jacob\\AppData\\Local\\Temp\\sph_arrangement.cu-f6cd6c\\sph_arrangement.cu-gfx1101.out" "-input=C:\\Users\\Jacob\\AppData\\Local\\Temp\\sph_arrangement.cu-7cad7d\\sph_arrangement.cu-gfx1102.out" "-output=C:\\Users\\Jacob\\AppData\\Local\\Temp\\sph_arrangement.cu-ec2eb2.hipfb"
   "C:\\Program Files\\AMD\\ROCm\\5.5\\bin\\clang.exe" -cc1 -triple x86_64-pc-windows-msvc19.37.32826 -aux-triple amdgcn-amd-amdhsa -emit-obj -mincremental-linker-compatible -disable-free -clear-ast-before-backend -disable-llvm-verifier -discard-value-names -main-file-name sph_arrangement.cu.hip -mrelocation-model pic -pic-level 2 -mframe-pointer=none -fmath-errno -fno-rounding-math -mconstructor-aliases -funwind-tables=2 -target-cpu x86-64 -tune-cpu generic -mllvm -treat-scalable-fixed-error-as-warning -v -ffunction-sections "-fcoverage-compilation-dir=D:\\projects\\master_thesis\\programs\\HIPIFIED-FSPHF\\sph_fastest\\Demo" -resource-dir "C:\\Program Files\\AMD\\ROCm\\5.5\\lib\\clang\\17.0.0" -internal-isystem "C:\\Program Files\\AMD\\ROCm\\5.5\\lib\\clang\\17.0.0\\include\\cuda_wrappers" -idirafter "C:\\Program Files\\AMD\\ROCm\\5.5\\include" -include __clang_hip_runtime_wrapper.h -I "D:\\projects\\master_thesis\\programs\\Fastest-SPH-framework\\sph_fastest\\Hybrid_Fluid_Simulation\\json\\include" -D __HIP_ARCH_GFX1030__=1 -D __HIP_ARCH_GFX1100__=1 -D __HIP_ARCH_GFX1101__=1 -D __HIP_ARCH_GFX1102__=1 -D _MT -D __clang__ -D __HIP__ -D NDEBUG -D _CONSOLE -D _UNICODE -D UNICODE -internal-isystem "C:\\Program Files\\AMD\\ROCm\\5.5\\lib\\clang\\17.0.0\\include" -internal-isystem "D:\\projects\\master_thesis\\programs\\HIPIFIED-FSPHF\\sph_fastest\\\\Hybrid_Fluid_Simulation\\GL_LIB\\glew_64\\include" -internal-isystem "D:\\projects\\master_thesis\\programs\\HIPIFIED-FSPHF\\sph_fastest\\\\Hybrid_Fluid_Simulation\\GL_LIB\\freeglut_64\\include" -internal-isystem "D:\\projects\\master_thesis\\programs\\HIPIFIED-FSPHF\\sph_fastest\\\\Hybrid_Fluid_Simulation\\json\\include" -internal-isystem "C:\\Program Files\\AMD\\ROCm\\5.5\\include" -internal-isystem "C:\\Program Files\\AMD\\ROCm\\5.5\\include" -internal-isystem "E:\\Program Files\\Microsoft Visual Studio\\2022\\Enterprise\\VC\\Tools\\MSVC\\14.37.32822\\include" -internal-isystem "E:\\Program Files\\Microsoft Visual Studio\\2022\\Enterprise\\VC\\Tools\\MSVC\\14.37.32822\\atlmfc\\include" -internal-isystem "E:\\Program Files\\Microsoft Visual Studio\\2022\\Enterprise\\VC\\Auxiliary\\VS\\include" -internal-isystem "C:\\Program Files (x86)\\Windows Kits\\10\\Include\\10.0.22621.0\\ucrt" -internal-isystem "C:\\Program Files (x86)\\Windows Kits\\10\\Include\\10.0.22621.0\\um" -internal-isystem "C:\\Program Files (x86)\\Windows Kits\\10\\Include\\10.0.22621.0\\shared" -internal-isystem "C:\\Program Files (x86)\\Windows Kits\\10\\Include\\10.0.22621.0\\winrt" -internal-isystem "C:\\Program Files (x86)\\Windows Kits\\10\\Include\\10.0.22621.0\\cppwinrt" -internal-isystem "Include\\um" -internal-isystem "C:\\Program Files\\AMD\\ROCm\\5.5\\lib\\clang\\17.0.0\\include" -internal-isystem "D:\\projects\\master_thesis\\programs\\HIPIFIED-FSPHF\\sph_fastest\\\\Hybrid_Fluid_Simulation\\GL_LIB\\glew_64\\include" -internal-isystem "D:\\projects\\master_thesis\\programs\\HIPIFIED-FSPHF\\sph_fastest\\\\Hybrid_Fluid_Simulation\\GL_LIB\\freeglut_64\\include" -internal-isystem "D:\\projects\\master_thesis\\programs\\HIPIFIED-FSPHF\\sph_fastest\\\\Hybrid_Fluid_Simulation\\json\\include" -internal-isystem "C:\\Program Files\\AMD\\ROCm\\5.5\\include" -internal-isystem "C:\\Program Files\\AMD\\ROCm\\5.5\\include" -internal-isystem "E:\\Program Files\\Microsoft Visual Studio\\2022\\Enterprise\\VC\\Tools\\MSVC\\14.37.32822\\include" -internal-isystem "E:\\Program Files\\Microsoft Visual Studio\\2022\\Enterprise\\VC\\Tools\\MSVC\\14.37.32822\\atlmfc\\include" -internal-isystem "E:\\Program Files\\Microsoft Visual Studio\\2022\\Enterprise\\VC\\Auxiliary\\VS\\include" -internal-isystem "C:\\Program Files (x86)\\Windows Kits\\10\\Include\\10.0.22621.0\\ucrt" -internal-isystem "C:\\Program Files (x86)\\Windows Kits\\10\\Include\\10.0.22621.0\\um" -internal-isystem "C:\\Program Files (x86)\\Windows Kits\\10\\Include\\10.0.22621.0\\shared" -internal-isystem "C:\\Program Files (x86)\\Windows Kits\\10\\Include\\10.0.22621.0\\winrt" -internal-isystem "C:\\Program Files (x86)\\Windows Kits\\10\\Include\\10.0.22621.0\\cppwinrt" -internal-isystem "Include\\um" -O2 -Wall -Wextra -std=c++17 -fdeprecated-macro "-fdebug-compilation-dir=D:\\projects\\master_thesis\\programs\\HIPIFIED-FSPHF\\sph_fastest\\Demo" -ferror-limit 19 -stack-protector 1 -fhip-new-launch-api -fno-use-cxa-atexit -fuse-line-directives -fms-extensions -fms-compatibility -fms-compatibility-version=19.37.32826 -fdelayed-template-parsing -fcxx-exceptions -fexceptions -fno-caret-diagnostics -fdiagnostics-format msvc -vectorize-loops -vectorize-slp -fdefault-calling-conv=cdecl -flto-visibility-public-std --dependent-lib=libcmt --dependent-lib=oldnames -fcuda-include-gpubinary "C:\\Users\\Jacob\\AppData\\Local\\Temp\\sph_arrangement.cu-ec2eb2.hipfb" -cuid=b9bab5e16fa049e7 -fcuda-allow-variadic-functions -faddrsig -o "Release\\HIP_clang\\sph_arrangement.cu.hip.obj" -x hip "..\\Hybrid_Fluid_Simulation\\sph_arrangement.cu.hip"
  clang -cc1 version 17.0.0 based upon LLVM 17.0.0git default target x86_64-pc-windows-msvc
  ignoring nonexistent directory "Include\um"
  ignoring nonexistent directory "Include\um"
  ignoring duplicate directory "C:\Program Files\AMD\ROCm\5.5\include"
  ignoring duplicate directory "C:\Program Files\AMD\ROCm\5.5\lib\clang\17.0.0\include"
  ignoring duplicate directory "D:\projects\master_thesis\programs\HIPIFIED-FSPHF\sph_fastest\\Hybrid_Fluid_Simulation\GL_LIB\glew_64\include"
  ignoring duplicate directory "D:\projects\master_thesis\programs\HIPIFIED-FSPHF\sph_fastest\\Hybrid_Fluid_Simulation\GL_LIB\freeglut_64\include"
  ignoring duplicate directory "D:\projects\master_thesis\programs\HIPIFIED-FSPHF\sph_fastest\\Hybrid_Fluid_Simulation\json\include"
  ignoring duplicate directory "C:\Program Files\AMD\ROCm\5.5\include"
  ignoring duplicate directory "C:\Program Files\AMD\ROCm\5.5\include"
  ignoring duplicate directory "E:\Program Files\Microsoft Visual Studio\2022\Enterprise\VC\Tools\MSVC\14.37.32822\include"
  ignoring duplicate directory "E:\Program Files\Microsoft Visual Studio\2022\Enterprise\VC\Tools\MSVC\14.37.32822\atlmfc\include"
  ignoring duplicate directory "E:\Program Files\Microsoft Visual Studio\2022\Enterprise\VC\Auxiliary\VS\include"
  ignoring duplicate directory "C:\Program Files (x86)\Windows Kits\10\Include\10.0.22621.0\ucrt"
  ignoring duplicate directory "C:\Program Files (x86)\Windows Kits\10\Include\10.0.22621.0\um"
  ignoring duplicate directory "C:\Program Files (x86)\Windows Kits\10\Include\10.0.22621.0\shared"
  ignoring duplicate directory "C:\Program Files (x86)\Windows Kits\10\Include\10.0.22621.0\winrt"
  ignoring duplicate directory "C:\Program Files (x86)\Windows Kits\10\Include\10.0.22621.0\cppwinrt"
  ignoring duplicate directory "C:\Program Files\AMD\ROCm\5.5\include"
  #include "..." search starts here:
  #include <...> search starts here:
   D:\projects\master_thesis\programs\Fastest-SPH-framework\sph_fastest\Hybrid_Fluid_Simulation\json\include
   C:\Program Files\AMD\ROCm\5.5\lib\clang\17.0.0\include\cuda_wrappers
   C:\Program Files\AMD\ROCm\5.5\lib\clang\17.0.0\include
   D:\projects\master_thesis\programs\HIPIFIED-FSPHF\sph_fastest\\Hybrid_Fluid_Simulation\GL_LIB\glew_64\include
   D:\projects\master_thesis\programs\HIPIFIED-FSPHF\sph_fastest\\Hybrid_Fluid_Simulation\GL_LIB\freeglut_64\include
   D:\projects\master_thesis\programs\HIPIFIED-FSPHF\sph_fastest\\Hybrid_Fluid_Simulation\json\include
   C:\Program Files\AMD\ROCm\5.5\include
   E:\Program Files\Microsoft Visual Studio\2022\Enterprise\VC\Tools\MSVC\14.37.32822\include
   E:\Program Files\Microsoft Visual Studio\2022\Enterprise\VC\Tools\MSVC\14.37.32822\atlmfc\include
   E:\Program Files\Microsoft Visual Studio\2022\Enterprise\VC\Auxiliary\VS\include
   C:\Program Files (x86)\Windows Kits\10\Include\10.0.22621.0\ucrt
   C:\Program Files (x86)\Windows Kits\10\Include\10.0.22621.0\um
   C:\Program Files (x86)\Windows Kits\10\Include\10.0.22621.0\shared
   C:\Program Files (x86)\Windows Kits\10\Include\10.0.22621.0\winrt
   C:\Program Files (x86)\Windows Kits\10\Include\10.0.22621.0\cppwinrt
  End of search list.
..\Hybrid_Fluid_Simulation\sph_arrangement.cu.hip(818,150): warning : unused parameter 'grid_size' [-Wunused-parameter]
..\Hybrid_Fluid_Simulation\sph_arrangement.cu.hip(821,10): warning : comparison of integers of different signs: 'unsigned int' and 'int' [-Wsign-compare]
..\Hybrid_Fluid_Simulation\sph_arrangement.cu.hip(864,10): warning : comparison of integers of different signs: 'unsigned int' and 'int' [-Wsign-compare]
..\Hybrid_Fluid_Simulation\sph_arrangement.cu.hip(873,10): warning : comparison of integers of different signs: 'unsigned int' and 'int' [-Wsign-compare]
..\Hybrid_Fluid_Simulation\sph_arrangement.cu.hip(895,26): warning : comparison of integers of different signs: 'unsigned int' and 'int' [-Wsign-compare]
..\Hybrid_Fluid_Simulation\sph_arrangement.cu.hip(913,11): warning : comparison of integers of different signs: 'unsigned int' and 'int' [-Wsign-compare]
..\Hybrid_Fluid_Simulation\sph_arrangement.cu.hip(1164,2): warning : ignoring return value of function declared with 'nodiscard' attribute [-Wunused-result]
..\Hybrid_Fluid_Simulation\sph_arrangement.cu.hip(1162,6): warning : unused variable 'num_blockc' [-Wunused-variable]
..\Hybrid_Fluid_Simulation\sph_arrangement.cu.hip(1257,2): warning : ignoring return value of function declared with 'nodiscard' attribute [-Wunused-result]
..\Hybrid_Fluid_Simulation\sph_arrangement.cu.hip(1288,24): warning : comparison of integers of different signs: 'int' and 'unsigned int' [-Wsign-compare]
  "E:\Program Files\Microsoft Visual Studio\2022\Enterprise\VC\Tools\MSVC\14.37.32822\bin\HostX64\x64\link.exe"
  Microsoft (R) Incremental Linker Version 14.37.32826.1
  Copyright (C) Microsoft Corporation.  All rights reserved.
  "/OUT:D:\projects\master_thesis\programs\HIPIFIED-FSPHF\sph_fastest\Release\HIP_clang\Demo.exe" /INCREMENTAL:NO "/LIBPATH:C:\Program Files\AMD\ROCm\5.5\lib" libcmt.lib amdhip64.lib freeglut.lib glew32.lib lib_json.lib kernel32.lib user32.lib gdi32.lib winspool.lib comdlg32.lib advapi32.lib shell32.lib ole32.lib oleaut32.lib uuid.lib odbc32.lib odbccp32.lib /MANIFEST "/MANIFESTUAC:level='asInvoker' uiAccess='false'" /manifest:embed /DEBUG "/PDB:D:\projects\master_thesis\programs\HIPIFIED-FSPHF\sph_fastest\Release\HIP_clang\Demo.pdb" /SUBSYSTEM:CONSOLE /OPT:REF /OPT:ICF /LTCG:incremental "/LTCGOUT:Release\HIP_clang\Demo.iobj" /TLBID:1 /DYNAMICBASE /NXCOMPAT "/IMPLIB:D:\projects\master_thesis\programs\HIPIFIED-FSPHF\sph_fastest\Release\HIP_clang\Demo.lib" /MACHINE:X64 /SAFESEH:NO Release\HIP_clang\scan.cu.hip.obj 
  Release\HIP_clang\scan.cuh.hip.obj 
  Release\HIP_clang\Demo.hip.obj 
  Release\HIP_clang\gpu_model.cu.hip.obj 
  Release\HIP_clang\gpu_model.h.hip.obj 
  Release\HIP_clang\gpu_model_reader.cpp.hip.obj 
  Release\HIP_clang\gpu_model_reader.h.hip.obj 
  Release\HIP_clang\sph_arrangement.cu.hip.obj 
  Release\HIP_clang\sph_arrangement.cuh.hip.obj 
  Release\HIP_clang\sph_kernel.cu.hip.obj 
  Release\HIP_clang\sph_kernel.cuh.hip.obj 
  Release\HIP_clang\sph_particle.cpp.hip.obj 
  Release\HIP_clang\sph_particle.h.hip.obj 
  LINK : /LTCG specified but no code generation required; remove /LTCG from the link command line to improve linker performance
  Demo.vcxproj -> D:\projects\master_thesis\programs\HIPIFIED-FSPHF\sph_fastest\Release\HIP_clang\Demo.exe
